#
# There is insufficient memory for the Java Runtime Environment to continue.
# Native memory allocation (malloc) failed to allocate 1233136 bytes for Chunk::new
# Possible reasons:
#   The system is out of physical RAM or swap space
#   The process is running with CompressedOops enabled, and the Java Heap may be blocking the growth of the native heap
# Possible solutions:
#   Reduce memory load on the system
#   Increase physical memory or swap space
#   Check if swap backing store is full
#   Decrease Java heap size (-Xmx/-Xms)
#   Decrease number of Java threads
#   Decrease Java thread stack sizes (-Xss)
#   Set larger code cache with -XX:ReservedCodeCacheSize=
#   JVM is running with Unscaled Compressed Oops mode in which the Java heap is
#     placed in the first 4GB address space. The Java Heap base address is the
#     maximum limit for the native heap growth. Please use -XX:HeapBaseMinAddress
#     to set the Java Heap base and to place the Java Heap above 4GB virtual address.
# This output file may be truncated or incomplete.
#
#  Out of Memory Error (./src/hotspot/share/memory/arena.cpp:197), pid=12748, tid=1168
#
# JRE version: OpenJDK Runtime Environment (11.0.11+9) (build 11.0.11+9-b60-7590822)
# Java VM: OpenJDK 64-Bit Server VM (11.0.11+9-b60-7590822, mixed mode, tiered, compressed oops, g1 gc, windows-amd64)
# No core dump will be written. Minidumps are not enabled by default on client versions of Windows
#

---------------  S U M M A R Y ------------

Command Line: --add-opens=java.base/java.util=ALL-UNNAMED --add-opens=java.base/java.lang=ALL-UNNAMED --add-opens=java.base/java.lang.invoke=ALL-UNNAMED --add-opens=java.base/java.util=ALL-UNNAMED --add-opens=java.prefs/java.util.prefs=ALL-UNNAMED --add-opens=java.prefs/java.util.prefs=ALL-UNNAMED --add-opens=java.base/java.nio.charset=ALL-UNNAMED --add-opens=java.base/java.net=ALL-UNNAMED --add-opens=java.base/java.util.concurrent.atomic=ALL-UNNAMED -Xmx2048m -Dfile.encoding=UTF-8 -Duser.country=US -Duser.language=en -Duser.variant org.gradle.launcher.daemon.bootstrap.GradleDaemon 7.2

Host: AMD Ryzen 3 3250U with Radeon Graphics         , 4 cores, 5G,  Windows 10 , 64 bit Build 22557 (10.0.22557.1)
Time: Fri Mar 11 21:59:29 2022 SE Asia Standard Time elapsed time: 47.868370 seconds (0d 0h 0m 47s)

---------------  T H R E A D  ---------------

Current thread (0x00000235ff9ae000):  JavaThread "C2 CompilerThread0" daemon [_thread_in_native, id=1168, stack(0x0000004577500000,0x0000004577600000)]


Current CompileTask:
C2:  47870 2527  s!   4       jdk.internal.loader.URLClassPath::getLoader (194 bytes)

Stack: [0x0000004577500000,0x0000004577600000]
Native frames: (J=compiled Java code, j=interpreted, Vv=VM code, C=native code)
V  [jvm.dll+0x5f214a]
V  [jvm.dll+0x726fb5]
V  [jvm.dll+0x7285cd]
V  [jvm.dll+0x728c83]
V  [jvm.dll+0x243278]
V  [jvm.dll+0xbc53c]
V  [jvm.dll+0xbca3c]
V  [jvm.dll+0x353e3b]
V  [jvm.dll+0x321893]
V  [jvm.dll+0x320d8a]
V  [jvm.dll+0x1fc1e2]
V  [jvm.dll+0x1fb3d4]
V  [jvm.dll+0x183d6c]
V  [jvm.dll+0x209a57]
V  [jvm.dll+0x2082a1]
V  [jvm.dll+0x6ef58f]
V  [jvm.dll+0x6e80b5]
V  [jvm.dll+0x5f1036]
C  [ucrtbase.dll+0x29613]
C  [KERNEL32.DLL+0x11474]
C  [ntdll.dll+0x53258]


---------------  P R O C E S S  ---------------

Threads class SMR info:
_java_thread_list=0x0000023593851340, length=30, elements={
0x00000235f4e42800, 0x00000235ff98b000, 0x00000235ff98c000, 0x00000235ffb23000,
0x00000235ff9ab000, 0x00000235ff9ad000, 0x00000235ff9ae000, 0x00000235ffb54000,
0x00000235ffb60800, 0x00000235ffc4f800, 0x000002359297d000, 0x0000023592aa9000,
0x0000023592baf000, 0x0000023592934800, 0x0000023592f5e800, 0x0000023592b18800,
0x0000023592d44000, 0x00000235ffdad000, 0x0000023591cc0000, 0x0000023592f3c000,
0x0000023592f39800, 0x0000023592f38000, 0x0000023592f39000, 0x0000023592f3a800,
0x0000023592f3d000, 0x0000023592f3b800, 0x0000023592f37800, 0x0000023592f3e000,
0x0000023595db6800, 0x0000023595db8000
}

Java Threads: ( => current thread )
  0x00000235f4e42800 JavaThread "main" [_thread_blocked, id=2244, stack(0x0000004576900000,0x0000004576a00000)]
  0x00000235ff98b000 JavaThread "Reference Handler" daemon [_thread_blocked, id=16224, stack(0x0000004577000000,0x0000004577100000)]
  0x00000235ff98c000 JavaThread "Finalizer" daemon [_thread_blocked, id=11464, stack(0x0000004577100000,0x0000004577200000)]
  0x00000235ffb23000 JavaThread "Signal Dispatcher" daemon [_thread_blocked, id=4672, stack(0x0000004577200000,0x0000004577300000)]
  0x00000235ff9ab000 JavaThread "Attach Listener" daemon [_thread_blocked, id=8492, stack(0x0000004577300000,0x0000004577400000)]
  0x00000235ff9ad000 JavaThread "Service Thread" daemon [_thread_blocked, id=12704, stack(0x0000004577400000,0x0000004577500000)]
=>0x00000235ff9ae000 JavaThread "C2 CompilerThread0" daemon [_thread_in_native, id=1168, stack(0x0000004577500000,0x0000004577600000)]
  0x00000235ffb54000 JavaThread "C1 CompilerThread0" daemon [_thread_blocked, id=9724, stack(0x0000004577600000,0x0000004577700000)]
  0x00000235ffb60800 JavaThread "Sweeper thread" daemon [_thread_blocked, id=15936, stack(0x0000004577700000,0x0000004577800000)]
  0x00000235ffc4f800 JavaThread "Common-Cleaner" daemon [_thread_blocked, id=16180, stack(0x0000004577800000,0x0000004577900000)]
  0x000002359297d000 JavaThread "Daemon health stats" [_thread_blocked, id=15828, stack(0x0000004577b00000,0x0000004577c00000)]
  0x0000023592aa9000 JavaThread "Incoming local TCP Connector on port 50838" [_thread_in_native, id=3484, stack(0x0000004577c00000,0x0000004577d00000)]
  0x0000023592baf000 JavaThread "Daemon periodic checks" [_thread_blocked, id=13200, stack(0x0000004577d00000,0x0000004577e00000)]
  0x0000023592934800 JavaThread "Daemon" [_thread_blocked, id=4504, stack(0x0000004577e00000,0x0000004577f00000)]
  0x0000023592f5e800 JavaThread "Handler for socket connection from /127.0.0.1:50838 to /127.0.0.1:50839" [_thread_in_native, id=4512, stack(0x0000004577f00000,0x0000004578000000)]
  0x0000023592b18800 JavaThread "Cancel handler" [_thread_blocked, id=8880, stack(0x0000004578000000,0x0000004578100000)]
  0x0000023592d44000 JavaThread "Daemon worker" [_thread_in_vm, id=15628, stack(0x0000004578100000,0x0000004578200000)]
  0x00000235ffdad000 JavaThread "Asynchronous log dispatcher for DefaultDaemonConnection: socket connection from /127.0.0.1:50838 to /127.0.0.1:50839" [_thread_blocked, id=12832, stack(0x0000004578200000,0x0000004578300000)]
  0x0000023591cc0000 JavaThread "Stdin handler" [_thread_blocked, id=9756, stack(0x0000004578300000,0x0000004578400000)]
  0x0000023592f3c000 JavaThread "Daemon client event forwarder" [_thread_blocked, id=11996, stack(0x0000004578400000,0x0000004578500000)]
  0x0000023592f39800 JavaThread "Cache worker for journal cache (C:\Users\ASUS PC\.gradle\caches\journal-1)" [_thread_blocked, id=6160, stack(0x0000004578700000,0x0000004578800000)]
  0x0000023592f38000 JavaThread "File lock request listener" [_thread_in_native, id=6300, stack(0x0000004578800000,0x0000004578900000)]
  0x0000023592f39000 JavaThread "Cache worker for file hash cache (C:\Users\ASUS PC\.gradle\caches\7.2\fileHashes)" [_thread_blocked, id=10996, stack(0x0000004578900000,0x0000004578a00000)]
  0x0000023592f3a800 JavaThread "Cache worker for file hash cache (D:\kuliah\SEMESTER 4\PPB (Mobile) Praktek\Github\PPB-Mobile--Pratek\RecyclerView\.gradle\7.2\fileHashes)" [_thread_blocked, id=11840, stack(0x0000004578a00000,0x0000004578b00000)]
  0x0000023592f3d000 JavaThread "File watcher server" daemon [_thread_in_native, id=9460, stack(0x0000004578b00000,0x0000004578c00000)]
  0x0000023592f3b800 JavaThread "File watcher consumer" daemon [_thread_blocked, id=11188, stack(0x0000004578c00000,0x0000004578d00000)]
  0x0000023592f37800 JavaThread "Cache worker for checksums cache (D:\kuliah\SEMESTER 4\PPB (Mobile) Praktek\Github\PPB-Mobile--Pratek\RecyclerView\.gradle\checksums)" [_thread_blocked, id=1628, stack(0x0000004578d00000,0x0000004578e00000)]
  0x0000023592f3e000 JavaThread "Cache worker for cache directory md-supplier (C:\Users\ASUS PC\.gradle\caches\7.2\md-supplier)" [_thread_blocked, id=3976, stack(0x0000004578e00000,0x0000004578f00000)]
  0x0000023595db6800 JavaThread "Cache worker for cache directory md-rule (C:\Users\ASUS PC\.gradle\caches\7.2\md-rule)" [_thread_blocked, id=7524, stack(0x0000004578f00000,0x0000004579000000)]
  0x0000023595db8000 JavaThread "Cache worker for execution history cache (C:\Users\ASUS PC\.gradle\caches\7.2\executionHistory)" [_thread_blocked, id=5652, stack(0x0000004579000000,0x0000004579100000)]

Other Threads:
  0x00000235ff987800 VMThread "VM Thread" [stack: 0x0000004576f00000,0x0000004577000000] [id=2996]
  0x00000235ffcc6000 WatcherThread [stack: 0x0000004577900000,0x0000004577a00000] [id=14628]
  0x00000235f4e5b800 GCTaskThread "GC Thread#0" [stack: 0x0000004576a00000,0x0000004576b00000] [id=8688]
  0x0000023591e1e800 GCTaskThread "GC Thread#1" [stack: 0x0000004577a00000,0x0000004577b00000] [id=15616]
  0x0000023592748800 GCTaskThread "GC Thread#2" [stack: 0x0000004578500000,0x0000004578600000] [id=13940]
  0x0000023592552800 GCTaskThread "GC Thread#3" [stack: 0x0000004578600000,0x0000004578700000] [id=2904]
  0x00000235f4e8b800 ConcurrentGCThread "G1 Main Marker" [stack: 0x0000004576b00000,0x0000004576c00000] [id=8540]
  0x00000235f4e8e000 ConcurrentGCThread "G1 Conc#0" [stack: 0x0000004576c00000,0x0000004576d00000] [id=15968]
  0x00000235f4f04000 ConcurrentGCThread "G1 Refine#0" [stack: 0x0000004576d00000,0x0000004576e00000] [id=8356]
  0x00000235f4f05000 ConcurrentGCThread "G1 Young RemSet Sampling" [stack: 0x0000004576e00000,0x0000004576f00000] [id=10516]

Threads with active compile tasks:
C2 CompilerThread0  48017 2527  s!   4       jdk.internal.loader.URLClassPath::getLoader (194 bytes)

VM state:not at safepoint (normal execution)

VM Mutex/Monitor currently owned by a thread: None

Heap address: 0x0000000080000000, size: 2048 MB, Compressed Oops mode: 32-bit
Narrow klass base: 0x0000000000000000, Narrow klass shift: 3
Compressed class space size: 1073741824 Address: 0x0000000100000000

Heap:
 garbage-first heap   total 98304K, used 46161K [0x0000000080000000, 0x0000000100000000)
  region size 1024K, 30 young (30720K), 4 survivors (4096K)
 Metaspace       used 34507K, capacity 35299K, committed 35504K, reserved 1079296K
  class space    used 4484K, capacity 4807K, committed 4864K, reserved 1048576K
Heap Regions: E=young(eden), S=young(survivor), O=old, HS=humongous(starts), HC=humongous(continues), CS=collection set, F=free, A=archive, TAMS=top-at-mark-start (previous, next)
|   0|0x0000000080000000, 0x0000000080100000, 0x0000000080100000|100%| O|  |TAMS 0x0000000080100000, 0x0000000080000000| Untracked 
|   1|0x0000000080100000, 0x0000000080200000, 0x0000000080200000|100%| O|  |TAMS 0x0000000080200000, 0x0000000080100000| Untracked 
|   2|0x0000000080200000, 0x0000000080300000, 0x0000000080300000|100%| O|  |TAMS 0x0000000080300000, 0x0000000080200000| Untracked 
|   3|0x0000000080300000, 0x0000000080400000, 0x0000000080400000|100%|HS|  |TAMS 0x0000000080400000, 0x0000000080300000| Complete 
|   4|0x0000000080400000, 0x0000000080500000, 0x0000000080500000|100%|HC|  |TAMS 0x0000000080500000, 0x0000000080400000| Complete 
|   5|0x0000000080500000, 0x0000000080600000, 0x0000000080600000|100%|HC|  |TAMS 0x0000000080600000, 0x0000000080500000| Complete 
|   6|0x0000000080600000, 0x0000000080700000, 0x0000000080700000|100%| O|  |TAMS 0x0000000080700000, 0x0000000080600000| Untracked 
|   7|0x0000000080700000, 0x0000000080800000, 0x0000000080800000|100%| O|  |TAMS 0x0000000080800000, 0x0000000080700000| Untracked 
|   8|0x0000000080800000, 0x0000000080900000, 0x0000000080900000|100%| O|  |TAMS 0x0000000080900000, 0x0000000080800000| Untracked 
|   9|0x0000000080900000, 0x0000000080a00000, 0x0000000080a00000|100%| O|  |TAMS 0x0000000080a00000, 0x0000000080900000| Untracked 
|  10|0x0000000080a00000, 0x0000000080b00000, 0x0000000080b00000|100%| O|  |TAMS 0x0000000080b00000, 0x0000000080a00000| Untracked 
|  11|0x0000000080b00000, 0x0000000080c00000, 0x0000000080c00000|100%| O|  |TAMS 0x0000000080c00000, 0x0000000080b00000| Untracked 
|  12|0x0000000080c00000, 0x0000000080d00000, 0x0000000080d00000|100%| O|  |TAMS 0x0000000080d00000, 0x0000000080c00000| Untracked 
|  13|0x0000000080d00000, 0x0000000080e00000, 0x0000000080e00000|100%| O|  |TAMS 0x0000000080e00000, 0x0000000080d00000| Untracked 
|  14|0x0000000080e00000, 0x0000000080f00000, 0x0000000080f00000|100%| O|  |TAMS 0x0000000080f00000, 0x0000000080e00000| Untracked 
|  15|0x0000000080f00000, 0x0000000081000000, 0x0000000081000000|100%| O|  |TAMS 0x0000000081000000, 0x0000000080f00000| Untracked 
|  16|0x0000000081000000, 0x0000000081015800, 0x0000000081100000|  8%| O|  |TAMS 0x0000000081015800, 0x0000000081000000| Untracked 
|  17|0x0000000081100000, 0x0000000081100000, 0x0000000081200000|  0%| F|  |TAMS 0x0000000081100000, 0x0000000081100000| Untracked 
|  18|0x0000000081200000, 0x0000000081200000, 0x0000000081300000|  0%| F|  |TAMS 0x0000000081200000, 0x0000000081200000| Untracked 
|  19|0x0000000081300000, 0x0000000081300000, 0x0000000081400000|  0%| F|  |TAMS 0x0000000081300000, 0x0000000081300000| Untracked 
|  20|0x0000000081400000, 0x0000000081400000, 0x0000000081500000|  0%| F|  |TAMS 0x0000000081400000, 0x0000000081400000| Untracked 
|  21|0x0000000081500000, 0x0000000081500000, 0x0000000081600000|  0%| F|  |TAMS 0x0000000081500000, 0x0000000081500000| Untracked 
|  22|0x0000000081600000, 0x0000000081600000, 0x0000000081700000|  0%| F|  |TAMS 0x0000000081600000, 0x0000000081600000| Untracked 
|  23|0x0000000081700000, 0x0000000081700000, 0x0000000081800000|  0%| F|  |TAMS 0x0000000081700000, 0x0000000081700000| Untracked 
|  24|0x0000000081800000, 0x0000000081800000, 0x0000000081900000|  0%| F|  |TAMS 0x0000000081800000, 0x0000000081800000| Untracked 
|  25|0x0000000081900000, 0x0000000081900000, 0x0000000081a00000|  0%| F|  |TAMS 0x0000000081900000, 0x0000000081900000| Untracked 
|  26|0x0000000081a00000, 0x0000000081a00000, 0x0000000081b00000|  0%| F|  |TAMS 0x0000000081a00000, 0x0000000081a00000| Untracked 
|  27|0x0000000081b00000, 0x0000000081b00000, 0x0000000081c00000|  0%| F|  |TAMS 0x0000000081b00000, 0x0000000081b00000| Untracked 
|  28|0x0000000081c00000, 0x0000000081c00000, 0x0000000081d00000|  0%| F|  |TAMS 0x0000000081c00000, 0x0000000081c00000| Untracked 
|  29|0x0000000081d00000, 0x0000000081d00000, 0x0000000081e00000|  0%| F|  |TAMS 0x0000000081d00000, 0x0000000081d00000| Untracked 
|  30|0x0000000081e00000, 0x0000000081e00000, 0x0000000081f00000|  0%| F|  |TAMS 0x0000000081e00000, 0x0000000081e00000| Untracked 
|  31|0x0000000081f00000, 0x0000000081f00000, 0x0000000082000000|  0%| F|  |TAMS 0x0000000081f00000, 0x0000000081f00000| Untracked 
|  32|0x0000000082000000, 0x0000000082000000, 0x0000000082100000|  0%| F|  |TAMS 0x0000000082000000, 0x0000000082000000| Untracked 
|  33|0x0000000082100000, 0x0000000082100000, 0x0000000082200000|  0%| F|  |TAMS 0x0000000082100000, 0x0000000082100000| Untracked 
|  34|0x0000000082200000, 0x0000000082200000, 0x0000000082300000|  0%| F|  |TAMS 0x0000000082200000, 0x0000000082200000| Untracked 
|  35|0x0000000082300000, 0x0000000082300000, 0x0000000082400000|  0%| F|  |TAMS 0x0000000082300000, 0x0000000082300000| Untracked 
|  36|0x0000000082400000, 0x0000000082400000, 0x0000000082500000|  0%| F|  |TAMS 0x0000000082400000, 0x0000000082400000| Untracked 
|  37|0x0000000082500000, 0x0000000082500000, 0x0000000082600000|  0%| F|  |TAMS 0x0000000082500000, 0x0000000082500000| Untracked 
|  38|0x0000000082600000, 0x0000000082600000, 0x0000000082700000|  0%| F|  |TAMS 0x0000000082600000, 0x0000000082600000| Untracked 
|  39|0x0000000082700000, 0x0000000082700000, 0x0000000082800000|  0%| F|  |TAMS 0x0000000082700000, 0x0000000082700000| Untracked 
|  40|0x0000000082800000, 0x0000000082800000, 0x0000000082900000|  0%| F|  |TAMS 0x0000000082800000, 0x0000000082800000| Untracked 
|  41|0x0000000082900000, 0x0000000082900000, 0x0000000082a00000|  0%| F|  |TAMS 0x0000000082900000, 0x0000000082900000| Untracked 
|  42|0x0000000082a00000, 0x0000000082a00000, 0x0000000082b00000|  0%| F|  |TAMS 0x0000000082a00000, 0x0000000082a00000| Untracked 
|  43|0x0000000082b00000, 0x0000000082b00000, 0x0000000082c00000|  0%| F|  |TAMS 0x0000000082b00000, 0x0000000082b00000| Untracked 
|  44|0x0000000082c00000, 0x0000000082c00000, 0x0000000082d00000|  0%| F|  |TAMS 0x0000000082c00000, 0x0000000082c00000| Untracked 
|  45|0x0000000082d00000, 0x0000000082d00000, 0x0000000082e00000|  0%| F|  |TAMS 0x0000000082d00000, 0x0000000082d00000| Untracked 
|  46|0x0000000082e00000, 0x0000000082e00000, 0x0000000082f00000|  0%| F|  |TAMS 0x0000000082e00000, 0x0000000082e00000| Untracked 
|  47|0x0000000082f00000, 0x0000000082f00000, 0x0000000083000000|  0%| F|  |TAMS 0x0000000082f00000, 0x0000000082f00000| Untracked 
|  48|0x0000000083000000, 0x00000000830fedf0, 0x0000000083100000| 99%| S|CS|TAMS 0x0000000083000000, 0x0000000083000000| Complete 
|  49|0x0000000083100000, 0x0000000083200000, 0x0000000083200000|100%| S|CS|TAMS 0x0000000083100000, 0x0000000083100000| Complete 
|  50|0x0000000083200000, 0x0000000083300000, 0x0000000083300000|100%| S|CS|TAMS 0x0000000083200000, 0x0000000083200000| Complete 
|  51|0x0000000083300000, 0x0000000083400000, 0x0000000083400000|100%| S|CS|TAMS 0x0000000083300000, 0x0000000083300000| Complete 
|  52|0x0000000083400000, 0x0000000083400000, 0x0000000083500000|  0%| F|  |TAMS 0x0000000083400000, 0x0000000083400000| Untracked 
|  53|0x0000000083500000, 0x0000000083500000, 0x0000000083600000|  0%| F|  |TAMS 0x0000000083500000, 0x0000000083500000| Untracked 
|  54|0x0000000083600000, 0x0000000083600000, 0x0000000083700000|  0%| F|  |TAMS 0x0000000083600000, 0x0000000083600000| Untracked 
|  55|0x0000000083700000, 0x0000000083700000, 0x0000000083800000|  0%| F|  |TAMS 0x0000000083700000, 0x0000000083700000| Untracked 
|  56|0x0000000083800000, 0x0000000083800000, 0x0000000083900000|  0%| F|  |TAMS 0x0000000083800000, 0x0000000083800000| Untracked 
|  57|0x0000000083900000, 0x0000000083900000, 0x0000000083a00000|  0%| F|  |TAMS 0x0000000083900000, 0x0000000083900000| Untracked 
|  58|0x0000000083a00000, 0x0000000083a00000, 0x0000000083b00000|  0%| F|  |TAMS 0x0000000083a00000, 0x0000000083a00000| Untracked 
|  59|0x0000000083b00000, 0x0000000083b00000, 0x0000000083c00000|  0%| F|  |TAMS 0x0000000083b00000, 0x0000000083b00000| Untracked 
|  60|0x0000000083c00000, 0x0000000083c00000, 0x0000000083d00000|  0%| F|  |TAMS 0x0000000083c00000, 0x0000000083c00000| Untracked 
|  61|0x0000000083d00000, 0x0000000083d00000, 0x0000000083e00000|  0%| F|  |TAMS 0x0000000083d00000, 0x0000000083d00000| Untracked 
|  62|0x0000000083e00000, 0x0000000083e00000, 0x0000000083f00000|  0%| F|  |TAMS 0x0000000083e00000, 0x0000000083e00000| Untracked 
|  63|0x0000000083f00000, 0x0000000083f00000, 0x0000000084000000|  0%| F|  |TAMS 0x0000000083f00000, 0x0000000083f00000| Untracked 
|  64|0x0000000084000000, 0x0000000084000000, 0x0000000084100000|  0%| F|  |TAMS 0x0000000084000000, 0x0000000084000000| Untracked 
|  65|0x0000000084100000, 0x0000000084100000, 0x0000000084200000|  0%| F|  |TAMS 0x0000000084100000, 0x0000000084100000| Untracked 
|  66|0x0000000084200000, 0x0000000084200000, 0x0000000084300000|  0%| F|  |TAMS 0x0000000084200000, 0x0000000084200000| Untracked 
|  67|0x0000000084300000, 0x0000000084300000, 0x0000000084400000|  0%| F|  |TAMS 0x0000000084300000, 0x0000000084300000| Untracked 
|  68|0x0000000084400000, 0x0000000084500000, 0x0000000084500000|100%| E|  |TAMS 0x0000000084400000, 0x0000000084400000| Complete 
|  69|0x0000000084500000, 0x0000000084600000, 0x0000000084600000|100%| E|CS|TAMS 0x0000000084500000, 0x0000000084500000| Complete 
|  70|0x0000000084600000, 0x0000000084700000, 0x0000000084700000|100%| E|CS|TAMS 0x0000000084600000, 0x0000000084600000| Complete 
|  71|0x0000000084700000, 0x0000000084800000, 0x0000000084800000|100%| E|CS|TAMS 0x0000000084700000, 0x0000000084700000| Complete 
|  72|0x0000000084800000, 0x0000000084900000, 0x0000000084900000|100%| E|CS|TAMS 0x0000000084800000, 0x0000000084800000| Complete 
|  73|0x0000000084900000, 0x0000000084a00000, 0x0000000084a00000|100%| E|CS|TAMS 0x0000000084900000, 0x0000000084900000| Complete 
|  74|0x0000000084a00000, 0x0000000084b00000, 0x0000000084b00000|100%| E|CS|TAMS 0x0000000084a00000, 0x0000000084a00000| Complete 
|  75|0x0000000084b00000, 0x0000000084c00000, 0x0000000084c00000|100%| E|CS|TAMS 0x0000000084b00000, 0x0000000084c00000| Complete 
|  76|0x0000000084c00000, 0x0000000084d00000, 0x0000000084d00000|100%| E|CS|TAMS 0x0000000084c00000, 0x0000000084d00000| Complete 
|  77|0x0000000084d00000, 0x0000000084e00000, 0x0000000084e00000|100%| E|CS|TAMS 0x0000000084d00000, 0x0000000084e00000| Complete 
|  78|0x0000000084e00000, 0x0000000084f00000, 0x0000000084f00000|100%| E|CS|TAMS 0x0000000084e00000, 0x0000000084f00000| Complete 
|  79|0x0000000084f00000, 0x0000000085000000, 0x0000000085000000|100%| E|CS|TAMS 0x0000000084f00000, 0x0000000085000000| Complete 
|  80|0x0000000085000000, 0x0000000085100000, 0x0000000085100000|100%| E|CS|TAMS 0x0000000085000000, 0x0000000085100000| Complete 
|  81|0x0000000085100000, 0x0000000085200000, 0x0000000085200000|100%| E|CS|TAMS 0x0000000085100000, 0x0000000085200000| Complete 
|  82|0x0000000085200000, 0x0000000085300000, 0x0000000085300000|100%| E|CS|TAMS 0x0000000085200000, 0x0000000085300000| Complete 
|  83|0x0000000085300000, 0x0000000085400000, 0x0000000085400000|100%| E|CS|TAMS 0x0000000085300000, 0x0000000085400000| Complete 
|  84|0x0000000085400000, 0x0000000085500000, 0x0000000085500000|100%| E|CS|TAMS 0x0000000085400000, 0x0000000085500000| Complete 
|  85|0x0000000085500000, 0x0000000085600000, 0x0000000085600000|100%| E|CS|TAMS 0x0000000085500000, 0x0000000085600000| Complete 
|  86|0x0000000085600000, 0x0000000085700000, 0x0000000085700000|100%| F|  |TAMS 0x0000000085600000, 0x0000000085600000| Untracked 
|  87|0x0000000085700000, 0x0000000085700000, 0x0000000085800000|  0%| F|  |TAMS 0x0000000085700000, 0x0000000085700000| Untracked 
|  88|0x0000000085800000, 0x0000000085800000, 0x0000000085900000|  0%| F|  |TAMS 0x0000000085800000, 0x0000000085800000| Untracked 
|  89|0x0000000085900000, 0x0000000085900000, 0x0000000085a00000|  0%| F|  |TAMS 0x0000000085900000, 0x0000000085900000| Untracked 
|  90|0x0000000085a00000, 0x0000000085a00000, 0x0000000085b00000|  0%| F|  |TAMS 0x0000000085a00000, 0x0000000085a00000| Untracked 
|  91|0x0000000085b00000, 0x0000000085b00000, 0x0000000085c00000|  0%| F|  |TAMS 0x0000000085b00000, 0x0000000085b00000| Untracked 
|  92|0x0000000085c00000, 0x0000000085c00000, 0x0000000085d00000|  0%| F|  |TAMS 0x0000000085c00000, 0x0000000085c00000| Untracked 
|  93|0x0000000085d00000, 0x0000000085d00000, 0x0000000085e00000|  0%| F|  |TAMS 0x0000000085d00000, 0x0000000085d00000| Untracked 
|  94|0x0000000085e00000, 0x0000000085e00000, 0x0000000085f00000|  0%| F|  |TAMS 0x0000000085e00000, 0x0000000085e00000| Untracked 
|  95|0x0000000085f00000, 0x0000000085f89280, 0x0000000086000000| 53%| E|  |TAMS 0x0000000085f00000, 0x0000000085f00000| Complete 

Card table byte_map: [0x00000235fab50000,0x00000235faf50000] _byte_map_base: 0x00000235fa750000

Marking Bits (Prev, Next): (CMBitMap*) 0x00000235f4e82cb0, (CMBitMap*) 0x00000235f4e82c78
 Prev Bits: [0x00000235fd350000, 0x00000235ff350000)
 Next Bits: [0x00000235fb350000, 0x00000235fd350000)

Polling page: 0x00000235f4f10000

Metaspace:

Usage:
  Non-class:     30.20 MB capacity,    29.71 MB ( 98%) used,   425.23 KB (  1%) free+waste,    73.81 KB ( <1%) overhead. 
      Class:      4.75 MB capacity,     4.44 MB ( 93%) used,   282.89 KB (  6%) free+waste,    36.31 KB ( <1%) overhead. 
       Both:     34.95 MB capacity,    34.15 MB ( 98%) used,   708.13 KB (  2%) free+waste,   110.13 KB ( <1%) overhead. 

Virtual space:
  Non-class space:       32.00 MB reserved,      30.37 MB ( 95%) committed 
      Class space:        1.00 GB reserved,       4.75 MB ( <1%) committed 
             Both:        1.03 GB reserved,      35.12 MB (  3%) committed 

Chunk freelists:
   Non-Class:  37.00 KB
       Class:  1.00 KB
        Both:  38.00 KB

MaxMetaspaceSize: 17179869184.00 GB
CompressedClassSpaceSize: 1.00 GB

CodeHeap 'non-profiled nmethods': size=120064Kb used=1227Kb max_used=1227Kb free=118836Kb
 bounds [0x0000023587ac0000, 0x0000023587d30000, 0x000002358f000000]
CodeHeap 'profiled nmethods': size=120000Kb used=5982Kb max_used=5982Kb free=114017Kb
 bounds [0x0000023580590000, 0x0000023580b70000, 0x0000023587ac0000]
CodeHeap 'non-nmethods': size=5696Kb used=1173Kb max_used=1203Kb free=4522Kb
 bounds [0x0000023580000000, 0x0000023580270000, 0x0000023580590000]
 total_blobs=3327 nmethods=2807 adapters=431
 compilation: enabled
              stopped_count=0, restarted_count=0
 full_count=0

Compilation events (20 events):
Event: 47.815 Thread 0x00000235ffb54000 nmethod 2701 0x0000023580b3e310 code [0x0000023580b3e4c0, 0x0000023580b3e5e8]
Event: 47.815 Thread 0x00000235ffb54000 2702       2       java.util.WeakHashMap::get (77 bytes)
Event: 47.815 Thread 0x00000235ffb54000 nmethod 2702 0x0000023580b3e690 code [0x0000023580b3e880, 0x0000023580b3eb68]
Event: 47.815 Thread 0x00000235ffb54000 2703       2       org.codehaus.groovy.reflection.CachedMethod::getPT (8 bytes)
Event: 47.816 Thread 0x00000235ffb54000 nmethod 2703 0x0000023580b3ed90 code [0x0000023580b3ef40, 0x0000023580b3f088]
Event: 47.816 Thread 0x00000235ffb54000 2705  s    2       org.codehaus.groovy.reflection.ParameterTypes::getParametersTypes0 (89 bytes)
Event: 47.817 Thread 0x00000235ffb54000 nmethod 2705 0x0000023580b3f190 code [0x0000023580b3f3a0, 0x0000023580b3fbc8]
Event: 47.817 Thread 0x00000235ffb54000 2704       2       org.codehaus.groovy.reflection.CachedMethod::getModifiers (8 bytes)
Event: 47.817 Thread 0x00000235ffb54000 nmethod 2704 0x0000023580b3fe90 code [0x0000023580b40040, 0x0000023580b40138]
Event: 47.817 Thread 0x00000235ffb54000 2706       1       org.codehaus.groovy.runtime.metaclass.NewMetaMethod::getBytecodeParameterTypes (5 bytes)
Event: 47.817 Thread 0x00000235ffb54000 nmethod 2706 0x0000023587bed690 code [0x0000023587bed840, 0x0000023587bed8f8]
Event: 47.817 Thread 0x00000235ffb54000 2707       1       org.codehaus.groovy.runtime.metaclass.NewInstanceMetaMethod::isStatic (2 bytes)
Event: 47.817 Thread 0x00000235ffb54000 nmethod 2707 0x0000023587bed990 code [0x0000023587bedb40, 0x0000023587bedbf8]
Event: 47.817 Thread 0x00000235ffb54000 2708       1       org.codehaus.groovy.runtime.metaclass.MetaClassRegistryImpl::access$300 (5 bytes)
Event: 47.817 Thread 0x00000235ffb54000 nmethod 2708 0x0000023587bedc90 code [0x0000023587bede40, 0x0000023587beded8]
Event: 47.818 Thread 0x00000235ffb54000 2709       2       java.util.regex.Pattern$$Lambda$12/0x0000000100063440::is (9 bytes)
Event: 47.819 Thread 0x00000235ffb54000 nmethod 2709 0x0000023580b40210 code [0x0000023580b403c0, 0x0000023580b40518]
Event: 47.819 Thread 0x00000235ffb54000 2710       2       java.util.regex.Pattern::lambda$clazz$1 (22 bytes)
Event: 47.819 Thread 0x00000235ffb54000 nmethod 2710 0x0000023580b40610 code [0x0000023580b407c0, 0x0000023580b408f8]
Event: 47.824 Thread 0x00000235ffb54000 2711   !   2       org.codehaus.groovy.vmplugin.v8.Java8::checkCanSetAccessible (49 bytes)

GC Heap History (14 events):
Event: 29.782 GC heap before
{Heap before GC invocations=0 (full 0):
 garbage-first heap   total 98304K, used 19456K [0x0000000080000000, 0x0000000100000000)
  region size 1024K, 14 young (14336K), 0 survivors (0K)
 Metaspace       used 6792K, capacity 6985K, committed 7168K, reserved 1056768K
  class space    used 584K, capacity 650K, committed 768K, reserved 1048576K
}
Event: 29.789 GC heap after
{Heap after GC invocations=1 (full 0):
 garbage-first heap   total 98304K, used 7729K [0x0000000080000000, 0x0000000100000000)
  region size 1024K, 2 young (2048K), 2 survivors (2048K)
 Metaspace       used 6792K, capacity 6985K, committed 7168K, reserved 1056768K
  class space    used 584K, capacity 650K, committed 768K, reserved 1048576K
}
Event: 30.591 GC heap before
{Heap before GC invocations=1 (full 0):
 garbage-first heap   total 98304K, used 18993K [0x0000000080000000, 0x0000000100000000)
  region size 1024K, 13 young (13312K), 2 survivors (2048K)
 Metaspace       used 9931K, capacity 10178K, committed 10368K, reserved 1058816K
  class space    used 1029K, capacity 1102K, committed 1152K, reserved 1048576K
}
Event: 30.597 GC heap after
{Heap after GC invocations=2 (full 0):
 garbage-first heap   total 98304K, used 9367K [0x0000000080000000, 0x0000000100000000)
  region size 1024K, 2 young (2048K), 2 survivors (2048K)
 Metaspace       used 9931K, capacity 10178K, committed 10368K, reserved 1058816K
  class space    used 1029K, capacity 1102K, committed 1152K, reserved 1048576K
}
Event: 35.102 GC heap before
{Heap before GC invocations=2 (full 0):
 garbage-first heap   total 98304K, used 38039K [0x0000000080000000, 0x0000000100000000)
  region size 1024K, 29 young (29696K), 2 survivors (2048K)
 Metaspace       used 10897K, capacity 11069K, committed 11264K, reserved 1058816K
  class space    used 1131K, capacity 1207K, committed 1280K, reserved 1048576K
}
Event: 35.107 GC heap after
{Heap after GC invocations=3 (full 0):
 garbage-first heap   total 98304K, used 11551K [0x0000000080000000, 0x0000000100000000)
  region size 1024K, 3 young (3072K), 3 survivors (3072K)
 Metaspace       used 10897K, capacity 11069K, committed 11264K, reserved 1058816K
  class space    used 1131K, capacity 1207K, committed 1280K, reserved 1048576K
}
Event: 44.460 GC heap before
{Heap before GC invocations=3 (full 0):
 garbage-first heap   total 98304K, used 50463K [0x0000000080000000, 0x0000000100000000)
  region size 1024K, 42 young (43008K), 3 survivors (3072K)
 Metaspace       used 17310K, capacity 17730K, committed 17792K, reserved 1064960K
  class space    used 2014K, capacity 2153K, committed 2176K, reserved 1048576K
}
Event: 44.475 GC heap after
{Heap after GC invocations=4 (full 0):
 garbage-first heap   total 98304K, used 16005K [0x0000000080000000, 0x0000000100000000)
  region size 1024K, 6 young (6144K), 6 survivors (6144K)
 Metaspace       used 17310K, capacity 17730K, committed 17792K, reserved 1064960K
  class space    used 2014K, capacity 2153K, committed 2176K, reserved 1048576K
}
Event: 45.078 GC heap before
{Heap before GC invocations=4 (full 0):
 garbage-first heap   total 98304K, used 45701K [0x0000000080000000, 0x0000000100000000)
  region size 1024K, 36 young (36864K), 6 survivors (6144K)
 Metaspace       used 20686K, capacity 21098K, committed 21296K, reserved 1069056K
  class space    used 2531K, capacity 2658K, committed 2688K, reserved 1048576K
}
Event: 45.089 GC heap after
{Heap after GC invocations=5 (full 0):
 garbage-first heap   total 98304K, used 17802K [0x0000000080000000, 0x0000000100000000)
  region size 1024K, 2 young (2048K), 2 survivors (2048K)
 Metaspace       used 20686K, capacity 21098K, committed 21296K, reserved 1069056K
  class space    used 2531K, capacity 2658K, committed 2688K, reserved 1048576K
}
Event: 46.015 GC heap before
{Heap before GC invocations=6 (full 0):
 garbage-first heap   total 98304K, used 57738K [0x0000000080000000, 0x0000000100000000)
  region size 1024K, 41 young (41984K), 2 survivors (2048K)
 Metaspace       used 24694K, capacity 25282K, committed 25392K, reserved 1071104K
  class space    used 3179K, capacity 3398K, committed 3456K, reserved 1048576K
}
Event: 46.021 GC heap after
{Heap after GC invocations=7 (full 0):
 garbage-first heap   total 98304K, used 19348K [0x0000000080000000, 0x0000000100000000)
  region size 1024K, 3 young (3072K), 3 survivors (3072K)
 Metaspace       used 24694K, capacity 25282K, committed 25392K, reserved 1071104K
  class space    used 3179K, capacity 3398K, committed 3456K, reserved 1048576K
}
Event: 46.970 GC heap before
{Heap before GC invocations=7 (full 0):
 garbage-first heap   total 98304K, used 61332K [0x0000000080000000, 0x0000000100000000)
  region size 1024K, 44 young (45056K), 3 survivors (3072K)
 Metaspace       used 28748K, capacity 29360K, committed 29616K, reserved 1075200K
  class space    used 3831K, capacity 4060K, committed 4096K, reserved 1048576K
}
Event: 46.976 GC heap after
{Heap after GC invocations=8 (full 0):
 garbage-first heap   total 98304K, used 20561K [0x0000000080000000, 0x0000000100000000)
  region size 1024K, 4 young (4096K), 4 survivors (4096K)
 Metaspace       used 28748K, capacity 29360K, committed 29616K, reserved 1075200K
  class space    used 3831K, capacity 4060K, committed 4096K, reserved 1048576K
}

Deoptimization events (20 events):
Event: 46.244 Thread 0x0000023592d44000 Uncommon trap: trap_request=0xffffff4d fr.pc=0x0000023587ae4d30 relative=0x00000000000004f0
Event: 46.244 Thread 0x0000023592d44000 Uncommon trap: reason=unstable_if action=reinterpret pc=0x0000023587ae4d30 method=java.util.Properties$LineReader.readLine()I @ 249 c2
Event: 46.244 Thread 0x0000023592d44000 DEOPT PACKING pc=0x0000023587ae4d30 sp=0x00000045781fb690
Event: 46.244 Thread 0x0000023592d44000 DEOPT UNPACKING pc=0x000002358002662f sp=0x00000045781fb620 mode 2
Event: 46.600 Thread 0x0000023592d44000 Uncommon trap: trap_request=0xffffff4d fr.pc=0x0000023587b8fccc relative=0x000000000000020c
Event: 46.600 Thread 0x0000023592d44000 Uncommon trap: reason=unstable_if action=reinterpret pc=0x0000023587b8fccc method=java.util.HashMap.hash(Ljava/lang/Object;)I @ 1 c2
Event: 46.600 Thread 0x0000023592d44000 DEOPT PACKING pc=0x0000023587b8fccc sp=0x00000045781f8c30
Event: 46.600 Thread 0x0000023592d44000 DEOPT UNPACKING pc=0x000002358002662f sp=0x00000045781f8b68 mode 2
Event: 46.600 Thread 0x0000023592d44000 Uncommon trap: trap_request=0xffffff4d fr.pc=0x0000023587b1abac relative=0x000000000000008c
Event: 46.600 Thread 0x0000023592d44000 Uncommon trap: reason=unstable_if action=reinterpret pc=0x0000023587b1abac method=java.util.HashMap.hash(Ljava/lang/Object;)I @ 1 c2
Event: 46.600 Thread 0x0000023592d44000 DEOPT PACKING pc=0x0000023587b1abac sp=0x00000045781f89a0
Event: 46.600 Thread 0x0000023592d44000 DEOPT UNPACKING pc=0x000002358002662f sp=0x00000045781f8938 mode 2
Event: 47.378 Thread 0x0000023592d44000 Uncommon trap: trap_request=0xffffff4d fr.pc=0x0000023587b83630 relative=0x0000000000000230
Event: 47.378 Thread 0x0000023592d44000 Uncommon trap: reason=unstable_if action=reinterpret pc=0x0000023587b83630 method=java.util.HashMap.putVal(ILjava/lang/Object;Ljava/lang/Object;ZZ)Ljava/lang/Object; @ 162 c2
Event: 47.378 Thread 0x0000023592d44000 DEOPT PACKING pc=0x0000023587b83630 sp=0x00000045781fa6d0
Event: 47.378 Thread 0x0000023592d44000 DEOPT UNPACKING pc=0x000002358002662f sp=0x00000045781fa5e0 mode 2
Event: 47.820 Thread 0x0000023592d44000 Uncommon trap: trap_request=0xffffff4d fr.pc=0x0000023587baa370 relative=0x00000000000053d0
Event: 47.820 Thread 0x0000023592d44000 Uncommon trap: reason=unstable_if action=reinterpret pc=0x0000023587baa370 method=jdk.internal.loader.BuiltinClassLoader.loadClassOrNull(Ljava/lang/String;Z)Ljava/lang/Class; @ 42 c2
Event: 47.820 Thread 0x0000023592d44000 DEOPT PACKING pc=0x0000023587baa370 sp=0x00000045781f5230
Event: 47.820 Thread 0x0000023592d44000 DEOPT UNPACKING pc=0x000002358002662f sp=0x00000045781f50b0 mode 2

Classes redefined (0 events):
No events

Internal exceptions (20 events):
Event: 46.215 Thread 0x0000023592d44000 Exception <a 'java/lang/NoSuchMethodError'{0x00000000858beb68}: 'void java.lang.invoke.DirectMethodHandle$Holder.invokeStatic(java.lang.Object, java.lang.Object, java.lang.Object, java.lang.Object)'> (0x00000000858beb68) thrown at [./src/hotspot/share/interpreter/linkResolver.cpp, line 773]
Event: 46.219 Thread 0x0000023592d44000 Exception <a 'java/lang/NoSuchMethodError'{0x00000000858d26a8}: 'int java.lang.invoke.DirectMethodHandle$Holder.invokeInterface(java.lang.Object, java.lang.Object)'> (0x00000000858d26a8) thrown at [./src/hotspot/share/interpreter/linkResolver.cpp, line 773]
Event: 46.376 Thread 0x0000023592d44000 Exception <a 'java/lang/NoSuchMethodError'{0x0000000084ee0988}: 'java.lang.Object java.lang.invoke.DirectMethodHandle$Holder.invokeSpecialIFC(java.lang.Object, java.lang.Object, java.lang.Object, java.lang.Object)'> (0x0000000084ee0988) thrown at [./src/hotspot/share/interpreter/linkResolver.cpp, line 773]
Event: 46.390 Thread 0x0000023592d44000 Exception <a 'java/lang/NoSuchMethodError'{0x0000000084dbdb98}: 'java.lang.Object java.lang.invoke.DirectMethodHandle$Holder.invokeSpecial(java.lang.Object, java.lang.Object, java.lang.Object, java.lang.Object, java.lang.Object, java.lang.Object, java.lang.Object, java.lang.Object, java.lang.Object, java.lang.Object, java.lang.Object, java.lang.Object, java.lang.Object)'> (0x0000000084dbdb98) thrown at [./src/hotspot/share/interpreter/linkResolver.cpp, line 773]
Event: 46.391 Thread 0x0000023592d44000 Exception <a 'java/lang/NoSuchMethodError'{0x0000000084dce9f8}: 'java.lang.Object java.lang.invoke.DirectMethodHandle$Holder.invokeSpecial(java.lang.Object, java.lang.Object, java.lang.Object, java.lang.Object, java.lang.Object, java.lang.Object, java.lang.Object, java.lang.Object, java.lang.Object, java.lang.Object, java.lang.Object, java.lang.Object)'> (0x0000000084dce9f8) thrown at [./src/hotspot/share/interpreter/linkResolver.cpp, line 773]
Event: 46.392 Thread 0x0000023592d44000 Exception <a 'java/lang/NoSuchMethodError'{0x0000000084dd3b20}: 'java.lang.Object java.lang.invoke.Invokers$Holder.linkToTargetMethod(java.lang.Object, java.lang.Object, java.lang.Object, java.lang.Object, java.lang.Object, java.lang.Object, java.lang.Object, java.lang.Object, java.lang.Object, java.lang.Object, java.lang.Object)'> (0x0000000084dd3b20) thrown at [./src/hotspot/share/interpreter/linkResolver.cpp, line 773]
Event: 46.410 Thread 0x0000023592d44000 Exception <a 'java/lang/NoSuchMethodError'{0x0000000084b18268}: 'java.lang.Object java.lang.invoke.DirectMethodHandle$Holder.invokeSpecial(java.lang.Object, java.lang.Object, java.lang.Object, java.lang.Object, java.lang.Object, java.lang.Object, java.lang.Object, java.lang.Object, java.lang.Object, java.lang.Object, java.lang.Object, java.lang.Object, java.lang.Object, java.lang.Object)'> (0x0000000084b18268) thrown at [./src/hotspot/share/interpreter/linkResolver.cpp, line 773]
Event: 46.411 Thread 0x0000023592d44000 Exception <a 'java/lang/NoSuchMethodError'{0x0000000084b298e0}: 'java.lang.Object java.lang.invoke.Invokers$Holder.linkToTargetMethod(java.lang.Object, java.lang.Object, java.lang.Object, java.lang.Object, java.lang.Object, java.lang.Object, java.lang.Object, java.lang.Object, java.lang.Object, java.lang.Object, java.lang.Object, java.lang.Object)'> (0x0000000084b298e0) thrown at [./src/hotspot/share/interpreter/linkResolver.cpp, line 773]
Event: 46.423 Thread 0x0000023592d44000 Exception <a 'java/lang/NoSuchMethodError'{0x0000000084bbe6f0}: 'java.lang.Object java.lang.invoke.DirectMethodHandle$Holder.invokeStaticInit(java.lang.Object, java.lang.Object, java.lang.Object, java.lang.Object)'> (0x0000000084bbe6f0) thrown at [./src/hotspot/share/interpreter/linkResolver.cpp, line 773]
Event: 46.600 Thread 0x0000023592d44000 Implicit null exception at 0x0000023587b8faf5 to 0x0000023587b8fcbc
Event: 46.600 Thread 0x0000023592d44000 Implicit null exception at 0x0000023587b1ab2f to 0x0000023587b1ab9d
Event: 46.850 Thread 0x0000023592d44000 Exception <a 'java/lang/NoSuchMethodError'{0x0000000083978d78}: 'java.lang.Object java.lang.invoke.Invokers$Holder.linkToTargetMethod(java.lang.Object, java.lang.Object, java.lang.Object, java.lang.Object, java.lang.Object, java.lang.Object, java.lang.Object, java.lang.Object)'> (0x0000000083978d78) thrown at [./src/hotspot/share/interpreter/linkResolver.cpp, line 773]
Event: 46.857 Thread 0x0000023592d44000 Exception <a 'java/lang/NoSuchMethodError'{0x00000000839ade18}: 'java.lang.Object java.lang.invoke.DirectMethodHandle$Holder.invokeVirtual(java.lang.Object, java.lang.Object, java.lang.Object)'> (0x00000000839ade18) thrown at [./src/hotspot/share/interpreter/linkResolver.cpp, line 773]
Event: 46.882 Thread 0x0000023592d44000 Exception <a 'java/lang/NoSuchMethodError'{0x0000000083889e80}: 'java.lang.Object java.lang.invoke.Invokers$Holder.linkToTargetMethod(java.lang.Object, java.lang.Object, java.lang.Object, java.lang.Object, java.lang.Object, java.lang.Object, java.lang.Object)'> (0x0000000083889e80) thrown at [./src/hotspot/share/interpreter/linkResolver.cpp, line 773]
Event: 46.892 Thread 0x0000023592d44000 Exception <a 'java/lang/IncompatibleClassChangeError'{0x00000000838c9f38}: Found class java.lang.Object, but interface was expected> (0x00000000838c9f38) thrown at [./src/hotspot/share/interpreter/linkResolver.cpp, line 839]
Event: 47.154 Thread 0x0000023592d44000 Exception <a 'java/lang/NoSuchMethodError'{0x0000000085d888e8}: 'int java.lang.invoke.DirectMethodHandle$Holder.invokeVirtual(java.lang.Object, java.lang.Object)'> (0x0000000085d888e8) thrown at [./src/hotspot/share/interpreter/linkResolver.cpp, line 773]
Event: 47.604 Thread 0x0000023592d44000 Exception <a 'java/lang/NoSuchMethodError'{0x0000000084d9be80}: 'void java.lang.invoke.DirectMethodHandle$Holder.invokeStaticInit(java.lang.Object, java.lang.Object, java.lang.Object)'> (0x0000000084d9be80) thrown at [./src/hotspot/share/interpreter/linkResolver.cpp, line 773]
Event: 47.605 Thread 0x0000023592d44000 Exception <a 'java/lang/NoSuchMethodError'{0x0000000084da2c58}: 'void java.lang.invoke.DirectMethodHandle$Holder.invokeStaticInit(java.lang.Object, java.lang.Object, java.lang.Object, java.lang.Object)'> (0x0000000084da2c58) thrown at [./src/hotspot/share/interpreter/linkResolver.cpp, line 773]
Event: 47.611 Thread 0x0000023592d44000 Exception <a 'java/lang/NoSuchMethodError'{0x0000000084dc52b0}: 'void java.lang.invoke.DirectMethodHandle$Holder.invokeStaticInit(java.lang.Object, java.lang.Object, java.lang.Object, java.lang.Object, java.lang.Object)'> (0x0000000084dc52b0) thrown at [./src/hotspot/share/interpreter/linkResolver.cpp, line 773]
Event: 47.671 Thread 0x0000023592d44000 Exception <a 'java/lang/NoSuchMethodError'{0x0000000084c27e08}: 'int java.lang.invoke.DirectMethodHandle$Holder.invokeStaticInit(java.lang.Object, java.lang.Object, java.lang.Object, java.lang.Object)'> (0x0000000084c27e08) thrown at [./src/hotspot/share/interpreter/linkResolver.cpp, line 773]

Events (20 events):
Event: 47.810 loading class java/time/chrono/Chronology
Event: 47.810 loading class java/time/chrono/Chronology done
Event: 47.810 loading class java/time/format/DateTimeFormatter
Event: 47.811 loading class java/time/format/DateTimeFormatter done
Event: 47.814 loading class org/codehaus/groovy/runtime/metaclass/MethodHelper
Event: 47.814 loading class org/codehaus/groovy/runtime/metaclass/MethodHelper done
Event: 47.816 loading class org/codehaus/groovy/reflection/CachedClass
Event: 47.816 loading class org/codehaus/groovy/reflection/CachedClass done
Event: 47.816 loading class org/codehaus/groovy/reflection/CachedClass
Event: 47.816 loading class org/codehaus/groovy/reflection/CachedClass done
Event: 47.818 Executing VM operation: RevokeBias
Event: 47.818 Executing VM operation: RevokeBias done
Event: 47.818 loading class org/apache/groovy/dateutil/extensions/DateUtilExtensions
Event: 47.818 loading class org/apache/groovy/dateutil/extensions/DateUtilExtensions done
Event: 47.819 loading class org/apache/groovy/dateutil/extensions/DateUtilStaticExtensions
Event: 47.819 loading class org/apache/groovy/dateutil/extensions/DateUtilStaticExtensions done
Event: 47.820 Executing VM operation: RevokeBias
Event: 47.820 Executing VM operation: RevokeBias done
Event: 47.820 Executing VM operation: RevokeBias
Event: 47.821 Executing VM operation: RevokeBias done


Dynamic libraries:
0x00007ff64c020000 - 0x00007ff64c02a000 	C:\Program Files\Android\Android Studio1\jre\bin\java.exe
0x00007ffbe78f0000 - 0x00007ffbe7b01000 	C:\WINDOWS\SYSTEM32\ntdll.dll
0x00007ffbb3570000 - 0x00007ffbb3586000 	C:\Program Files\Avast Software\Avast\aswhook.dll
0x00007ffbe6850000 - 0x00007ffbe6912000 	C:\WINDOWS\System32\KERNEL32.DLL
0x00007ffbe5340000 - 0x00007ffbe56d9000 	C:\WINDOWS\System32\KERNELBASE.dll
0x00007ffbe4d10000 - 0x00007ffbe4e21000 	C:\WINDOWS\System32\ucrtbase.dll
0x00007ffbb5490000 - 0x00007ffbb54a9000 	C:\Program Files\Android\Android Studio1\jre\bin\jli.dll
0x00007ffbe6920000 - 0x00007ffbe6acb000 	C:\WINDOWS\System32\USER32.dll
0x00007ffbe5130000 - 0x00007ffbe5156000 	C:\WINDOWS\System32\win32u.dll
0x00007ffbe6520000 - 0x00007ffbe6549000 	C:\WINDOWS\System32\GDI32.dll
0x00007ffbe5220000 - 0x00007ffbe5338000 	C:\WINDOWS\System32\gdi32full.dll
0x00007ffbe4f20000 - 0x00007ffbe4fba000 	C:\WINDOWS\System32\msvcp_win.dll
0x00007ffbb52f0000 - 0x00007ffbb5307000 	C:\Program Files\Android\Android Studio1\jre\bin\VCRUNTIME140.dll
0x00007ffbd3320000 - 0x00007ffbd35c3000 	C:\WINDOWS\WinSxS\amd64_microsoft.windows.common-controls_6595b64144ccf1df_6.0.22557.1_none_5f048c739dca0b54\COMCTL32.dll
0x00007ffbe5740000 - 0x00007ffbe57e5000 	C:\WINDOWS\System32\msvcrt.dll
0x00007ffbe6560000 - 0x00007ffbe6591000 	C:\WINDOWS\System32\IMM32.DLL
0x00007ffb9c980000 - 0x00007ffb9ca1d000 	C:\Program Files\Android\Android Studio1\jre\bin\msvcp140.dll
0x00007ffb88a70000 - 0x00007ffb89545000 	C:\Program Files\Android\Android Studio1\jre\bin\server\jvm.dll
0x00007ffbe6cc0000 - 0x00007ffbe6d6e000 	C:\WINDOWS\System32\ADVAPI32.dll
0x00007ffbe7790000 - 0x00007ffbe7837000 	C:\WINDOWS\System32\sechost.dll
0x00007ffbe7580000 - 0x00007ffbe769e000 	C:\WINDOWS\System32\RPCRT4.dll
0x00007ffbe7780000 - 0x00007ffbe7788000 	C:\WINDOWS\System32\PSAPI.DLL
0x00007ffbd5210000 - 0x00007ffbd5219000 	C:\WINDOWS\SYSTEM32\WSOCK32.dll
0x00007ffbe6b60000 - 0x00007ffbe6bd1000 	C:\WINDOWS\System32\WS2_32.dll
0x00007ffbdd3d0000 - 0x00007ffbdd404000 	C:\WINDOWS\SYSTEM32\WINMM.dll
0x00007ffbdc730000 - 0x00007ffbdc73a000 	C:\WINDOWS\SYSTEM32\VERSION.dll
0x00007ffbe3d50000 - 0x00007ffbe3d68000 	C:\WINDOWS\SYSTEM32\kernel.appcore.dll
0x00007ffbd67f0000 - 0x00007ffbd6801000 	C:\Program Files\Android\Android Studio1\jre\bin\verify.dll
0x00007ffbe23b0000 - 0x00007ffbe25de000 	C:\WINDOWS\SYSTEM32\DBGHELP.DLL
0x00007ffbe5b10000 - 0x00007ffbe5e88000 	C:\WINDOWS\System32\combase.dll
0x00007ffbe6be0000 - 0x00007ffbe6cb7000 	C:\WINDOWS\System32\OLEAUT32.dll
0x00007ffbdb600000 - 0x00007ffbdb632000 	C:\WINDOWS\SYSTEM32\dbgcore.DLL
0x00007ffbe4e30000 - 0x00007ffbe4eab000 	C:\WINDOWS\System32\bcryptPrimitives.dll
0x00007ffbd36b0000 - 0x00007ffbd36d9000 	C:\Program Files\Android\Android Studio1\jre\bin\java.dll
0x00007ffbdc550000 - 0x00007ffbdc55b000 	C:\Program Files\Android\Android Studio1\jre\bin\jimage.dll
0x00007ffbd48a0000 - 0x00007ffbd48b8000 	C:\Program Files\Android\Android Studio1\jre\bin\zip.dll
0x00007ffbe6d70000 - 0x00007ffbe755a000 	C:\WINDOWS\System32\SHELL32.dll
0x00007ffbe2db0000 - 0x00007ffbe363b000 	C:\WINDOWS\SYSTEM32\windows.storage.dll
0x00007ffbe2c70000 - 0x00007ffbe2dae000 	C:\WINDOWS\SYSTEM32\wintypes.dll
0x00007ffbe6420000 - 0x00007ffbe6511000 	C:\WINDOWS\System32\SHCORE.dll
0x00007ffbe7720000 - 0x00007ffbe777b000 	C:\WINDOWS\System32\shlwapi.dll
0x00007ffbe4c40000 - 0x00007ffbe4c61000 	C:\WINDOWS\SYSTEM32\profapi.dll
0x00007ffbd0b70000 - 0x00007ffbd0b8a000 	C:\Program Files\Android\Android Studio1\jre\bin\net.dll
0x00007ffbdcf10000 - 0x00007ffbdd022000 	C:\WINDOWS\SYSTEM32\WINHTTP.dll
0x00007ffbe4210000 - 0x00007ffbe4279000 	C:\WINDOWS\system32\mswsock.dll
0x00007ffbd0b50000 - 0x00007ffbd0b64000 	C:\Program Files\Android\Android Studio1\jre\bin\nio.dll
0x00007ffbb35c0000 - 0x00007ffbb35e7000 	C:\Users\ASUS PC\.gradle\native\e1d6ef7f7dcc3fd88c89a11ec53ec762bb8ba0a96d01ffa2cd45eb1d1d8dd5c5\windows-amd64\native-platform.dll
0x00007ffb9a330000 - 0x00007ffb9a474000 	C:\Users\ASUS PC\.gradle\native\5664cfc778a61ccfe75a443a1ab52a65af34e5dc3c78e0209fed803814484fcb\windows-amd64\native-platform-file-events.dll
0x00007ffbdbee0000 - 0x00007ffbdbeea000 	C:\Program Files\Android\Android Studio1\jre\bin\management.dll
0x00007ffbdb900000 - 0x00007ffbdb90d000 	C:\Program Files\Android\Android Studio1\jre\bin\management_ext.dll
0x00007ffbe4460000 - 0x00007ffbe447b000 	C:\WINDOWS\SYSTEM32\CRYPTSP.dll
0x00007ffbe3d10000 - 0x00007ffbe3d45000 	C:\WINDOWS\system32\rsaenh.dll
0x00007ffbe4310000 - 0x00007ffbe4338000 	C:\WINDOWS\SYSTEM32\USERENV.dll
0x00007ffbe45f0000 - 0x00007ffbe4618000 	C:\WINDOWS\SYSTEM32\bcrypt.dll
0x00007ffbe4480000 - 0x00007ffbe448c000 	C:\WINDOWS\SYSTEM32\CRYPTBASE.dll
0x00007ffbe3890000 - 0x00007ffbe38bd000 	C:\WINDOWS\SYSTEM32\IPHLPAPI.DLL
0x00007ffbe6550000 - 0x00007ffbe6559000 	C:\WINDOWS\System32\NSI.dll
0x00007ffbdcdb0000 - 0x00007ffbdcdc9000 	C:\WINDOWS\SYSTEM32\dhcpcsvc6.DLL
0x00007ffbdcd90000 - 0x00007ffbdcdaf000 	C:\WINDOWS\SYSTEM32\dhcpcsvc.DLL
0x00007ffbe3900000 - 0x00007ffbe39f7000 	C:\WINDOWS\SYSTEM32\DNSAPI.dll

dbghelp: loaded successfully - version: 4.0.5 - missing functions: none
symbol engine: initialized successfully - sym options: 0x614 - pdb path: .;C:\Program Files\Android\Android Studio1\jre\bin;C:\WINDOWS\SYSTEM32;C:\Program Files\Avast Software\Avast;C:\WINDOWS\WinSxS\amd64_microsoft.windows.common-controls_6595b64144ccf1df_6.0.22557.1_none_5f048c739dca0b54;C:\Program Files\Android\Android Studio1\jre\bin\server;C:\Users\ASUS PC\.gradle\native\e1d6ef7f7dcc3fd88c89a11ec53ec762bb8ba0a96d01ffa2cd45eb1d1d8dd5c5\windows-amd64;C:\Users\ASUS PC\.gradle\native\5664cfc778a61ccfe75a443a1ab52a65af34e5dc3c78e0209fed803814484fcb\windows-amd64

VM Arguments:
jvm_args: --add-opens=java.base/java.util=ALL-UNNAMED --add-opens=java.base/java.lang=ALL-UNNAMED --add-opens=java.base/java.lang.invoke=ALL-UNNAMED --add-opens=java.base/java.util=ALL-UNNAMED --add-opens=java.prefs/java.util.prefs=ALL-UNNAMED --add-opens=java.prefs/java.util.prefs=ALL-UNNAMED --add-opens=java.base/java.nio.charset=ALL-UNNAMED --add-opens=java.base/java.net=ALL-UNNAMED --add-opens=java.base/java.util.concurrent.atomic=ALL-UNNAMED -Xmx2048m -Dfile.encoding=UTF-8 -Duser.country=US -Duser.language=en -Duser.variant 
java_command: org.gradle.launcher.daemon.bootstrap.GradleDaemon 7.2
java_class_path (initial): C:\Users\ASUS PC\.gradle\wrapper\dists\gradle-7.2-bin\2dnblmf4td7x66yl1d74lt32g\gradle-7.2\lib\gradle-launcher-7.2.jar
Launcher Type: SUN_STANDARD

[Global flags]
     intx CICompilerCount                          = 3                                         {product} {ergonomic}
     uint ConcGCThreads                            = 1                                         {product} {ergonomic}
     uint G1ConcRefinementThreads                  = 4                                         {product} {ergonomic}
   size_t G1HeapRegionSize                         = 1048576                                   {product} {ergonomic}
    uintx GCDrainStackTargetSize                   = 64                                        {product} {ergonomic}
   size_t InitialHeapSize                          = 100663296                                 {product} {ergonomic}
   size_t MarkStackSize                            = 4194304                                   {product} {ergonomic}
   size_t MaxHeapSize                              = 2147483648                                {product} {command line}
   size_t MaxNewSize                               = 1287651328                                {product} {ergonomic}
   size_t MinHeapDeltaBytes                        = 1048576                                   {product} {ergonomic}
    uintx NonNMethodCodeHeapSize                   = 5830732                                {pd product} {ergonomic}
    uintx NonProfiledCodeHeapSize                  = 122913754                              {pd product} {ergonomic}
    uintx ProfiledCodeHeapSize                     = 122913754                              {pd product} {ergonomic}
    uintx ReservedCodeCacheSize                    = 251658240                              {pd product} {ergonomic}
     bool SegmentedCodeCache                       = true                                      {product} {ergonomic}
     bool UseCompressedClassPointers               = true                                 {lp64_product} {ergonomic}
     bool UseCompressedOops                        = true                                 {lp64_product} {ergonomic}
     bool UseG1GC                                  = true                                      {product} {ergonomic}
     bool UseLargePagesIndividualAllocation        = false                                  {pd product} {ergonomic}

Logging:
Log output configuration:
 #0: stdout all=warning uptime,level,tags
 #1: stderr all=off uptime,level,tags

Environment Variables:
JAVA_HOME=C:\Program Files\OpenJDK\openjdk-8u302-b08
PATH=C:\Users\Oracle\dbhomeXE\bin;C:\db_home\bin;C:\Program Files\Common Files\Oracle\Java\javapath;C:\WINDOWS\system32;C:\WINDOWS;C:\WINDOWS\System32\Wbem;C:\WINDOWS\System32\WindowsPowerShell\v1.0\;C:\WINDOWS\System32\OpenSSH\;C:\Program Files\Git\cmd;C:\TDM-GCC-32\bin;C:\TDM-GCC-64\bin;C:\Program Files\Go\bin;C:\ProgramData\chocolatey\bin;C:\Program Files\OpenJDK\openjdk-8u302-b08\bin;C:\Program Files\nodejs\;C:\Program Files\Java\jdk-11.0.12\bin;C:\Users\ASUS PC\go\bin;C:\Users\ASUS PC\AppData\Local\Microsoft\WindowsApps;C:\Users\ASUS PC\AppData\Roaming\npm;C:\Users\ASUS PC\AppData\Local\Android\Sdk\platform-tools;;C:\Users\ASUS PC\AppData\Local\Programs\Microsoft VS Code\bin
USERNAME=ASUS PC
OS=Windows_NT
PROCESSOR_IDENTIFIER=AMD64 Family 23 Model 24 Stepping 1, AuthenticAMD



---------------  S Y S T E M  ---------------

OS: Windows 10 , 64 bit Build 22557 (10.0.22557.1)
OS uptime: 1 days 7:31 hours

CPU:total 4 (initial active 4) (4 cores per cpu, 2 threads per core) family 23 model 24 stepping 1 microcode 0x0, cmov, cx8, fxsr, mmx, sse, sse2, sse3, ssse3, sse4.1, sse4.2, popcnt, avx, avx2, aes, clmul, mmxext, 3dnowpref, lzcnt, sse4a, ht, tsc, tscinvbit, tscinv, bmi1, bmi2, adx, s

Memory: 4k page, system-wide physical 6094M (144M free)
TotalPageFile size 13212M (AvailPageFile size 4M)
current process WorkingSet (physical memory assigned to process): 192M, peak: 192M
current process commit charge ("private bytes"): 251M, peak: 251M

vm_info: OpenJDK 64-Bit Server VM (11.0.11+9-b60-7590822) for windows-amd64 JRE (11.0.11+9-b60-7590822), built on Jul 29 2021 21:43:44 by "builder" with MS VC++ 14.0 (VS2015)

END.
